Flutter crash report.
Please report a bug at https://github.com/flutter/flutter/issues.

## command

flutter --verbose assemble --no-version-check --output=/ -dTargetPlatform=ios -dTargetFile=lib/main.dart -dBuildMode=release -dIosArchs= -dSdkRoot= -dSplitDebugInfo= -dTreeShakeIcons=false -dTrackWidgetCreation=true -dDartObfuscation=false -dAction= -dFrontendServerStarterPath= --ExtraGenSnapshotOptions= --DartDefines= --ExtraFrontEndOptions= release_ios_bundle_flutter_assets

## exception

_TypeError: Null check operator used on a null value

```
#0      NativeAssets._buildIOS (package:flutter_tools/src/build_system/targets/native_assets.dart:299:68)
#1      NativeAssets.build (package:flutter_tools/src/build_system/targets/native_assets.dart:85:32)
<asynchronous suspension>
#2      _BuildInstance._invokeInternal (package:flutter_tools/src/build_system/build_system.dart:875:9)
<asynchronous suspension>
#3      Future.wait.<anonymous closure> (dart:async/future.dart:524:21)
<asynchronous suspension>
#4      _BuildInstance.invokeTarget (package:flutter_tools/src/build_system/build_system.dart:813:32)
<asynchronous suspension>
#5      Future.wait.<anonymous closure> (dart:async/future.dart:524:21)
<asynchronous suspension>
#6      _BuildInstance.invokeTarget (package:flutter_tools/src/build_system/build_system.dart:813:32)
<asynchronous suspension>
#7      Future.wait.<anonymous closure> (dart:async/future.dart:524:21)
<asynchronous suspension>
#8      _BuildInstance.invokeTarget (package:flutter_tools/src/build_system/build_system.dart:813:32)
<asynchronous suspension>
#9      FlutterBuildSystem.build (package:flutter_tools/src/build_system/build_system.dart:642:16)
<asynchronous suspension>
#10     AssembleCommand.runCommand (package:flutter_tools/src/commands/assemble.dart:332:32)
<asynchronous suspension>
#11     FlutterCommand.run.<anonymous closure> (package:flutter_tools/src/runner/flutter_command.dart:1394:27)
<asynchronous suspension>
#12     AppContext.run.<anonymous closure> (package:flutter_tools/src/base/context.dart:153:19)
<asynchronous suspension>
#13     CommandRunner.runCommand (package:args/command_runner.dart:212:13)
<asynchronous suspension>
#14     FlutterCommandRunner.runCommand.<anonymous closure> (package:flutter_tools/src/runner/flutter_command_runner.dart:372:9)
<asynchronous suspension>
#15     AppContext.run.<anonymous closure> (package:flutter_tools/src/base/context.dart:153:19)
<asynchronous suspension>
#16     FlutterCommandRunner.runCommand (package:flutter_tools/src/runner/flutter_command_runner.dart:308:5)
<asynchronous suspension>
#17     run.<anonymous closure>.<anonymous closure> (package:flutter_tools/runner.dart:130:9)
<asynchronous suspension>
#18     AppContext.run.<anonymous closure> (package:flutter_tools/src/base/context.dart:153:19)
<asynchronous suspension>
#19     main (package:flutter_tools/executable.dart:93:3)
<asynchronous suspension>
```

## flutter doctor

```
[!] Flutter (Channel [user-branch], 3.22.1-ohos-1.0.9, on macOS 14.3 23D56 darwin-x64, locale zh-Hans-CN)
    ! Flutter version 3.22.1-ohos-1.0.9 on channel [user-branch] at /Users/niulujia/flutter_flutter
      Currently on an unknown channel. Run `flutter channel` to switch to an official channel.
      If that doesn't fix the issue, reinstall Flutter by following instructions at https://flutter.dev/docs/get-started/install.
    ! Upstream repository unknown source is not a standard remote.
      Set environment variable "FLUTTER_GIT_URL" to unknown source to dismiss this error.
    • Framework revision c9aed89bdf (4 months ago), 2026-01-23 09:17:06 +0800
    • Engine revision f6344b75dc
    • Dart version 3.4.0
    • DevTools version 2.34.1
    • If those were intentional, you can disregard the above warnings; however it is recommended to use "git" directly to perform update checks and upgrades.

[✓] HarmonyOS toolchain - develop for HarmonyOS devices
    • OpenHarmony Sdk at /Users/niulujia/Documents/command-line-tools/sdk, available api versions has [22:default]
    • Ohpm version 6.0.1
    • Node version v19.7.0
    • Hvigorw binary at /Users/niulujia/Documents/command-line-tools/bin/hvigorw

[✓] Android toolchain - develop for Android devices (Android SDK version 36.1.0)
    • Android SDK at /Users/niulujia/Library/Android/sdk
    • Platform android-36.1, build-tools 36.1.0
    • Java binary at: /Library/Java/JavaVirtualMachines/temurin-17.jdk/Contents/Home/bin/java
    • Java version OpenJDK Runtime Environment Temurin-17.0.18+8 (build 17.0.18+8)
    • All Android licenses accepted.

[✓] Xcode - develop for iOS and macOS (Xcode 15.4)
    • Xcode at /Applications/Xcode.app/Contents/Developer
    • Build 15F31d
    • CocoaPods version 1.16.2

[✗] Chrome - develop for the web (Cannot find Chrome executable at /Applications/Google Chrome.app/Contents/MacOS/Google Chrome)
    ! Cannot find Chrome. Try setting CHROME_EXECUTABLE to a Chrome executable.

[✓] Android Studio (version 2025.3)
    • Android Studio at /Applications/Android Studio.app/Contents
    • Flutter plugin can be installed from:
      🔨 https://plugins.jetbrains.com/plugin/9212-flutter
    • Dart plugin can be installed from:
      🔨 https://plugins.jetbrains.com/plugin/6351-dart
    • Java version OpenJDK Runtime Environment (build 21.0.9+-14787801-b1163.94)

[✓] VS Code (version 1.121.0)
    • VS Code at /Applications/Visual Studio Code.app/Contents
    • Flutter extension version 3.134.0

[✓] Connected device (1 available)
    • macOS (desktop) • macos • darwin-x64 • macOS 14.3 23D56 darwin-x64
    ! Error: Browsing on the local area network for 王甜甜的iPhone. Ensure the device is unlocked and attached with a cable or associated with the same local area network as this Mac.
      The device must be opted into Developer Mode to connect wirelessly. (code -27)

[!] Network resources
    ✗ A network error occurred while checking "https://maven.google.com/": Operation timed out
    ✗ An HTTP error occurred while checking "https://github.com/": Connection closed before full header was received

! Doctor found issues in 3 categories.
```
